[2014-09-05 01:25:22] local.ERROR: exception 'InvalidArgumentException' with message 'View [hello] not found.' in /home/vagrant/projects/edaconsultores.local/bootstrap/compiled.php:9372
Stack trace:
#0 /home/vagrant/projects/edaconsultores.local/bootstrap/compiled.php(9345): Illuminate\View\FileViewFinder->findInPaths('hello', Array)
#1 /home/vagrant/projects/edaconsultores.local/vendor/laravel/framework/src/Illuminate/View/Factory.php(124): Illuminate\View\FileViewFinder->find('hello')
#2 /home/vagrant/projects/edaconsultores.local/bootstrap/compiled.php(3227): Illuminate\View\Factory->make('hello')
#3 /home/vagrant/projects/edaconsultores.local/app/routes.php(16): Illuminate\Support\Facades\Facade::__callStatic('make', Array)
#4 /home/vagrant/projects/edaconsultores.local/app/routes.php(16): Illuminate\Support\Facades\View::make('hello')
#5 [internal function]: {closure}()
#6 /home/vagrant/projects/edaconsultores.local/bootstrap/compiled.php(5330): call_user_func_array(Object(Closure), Array)
#7 /home/vagrant/projects/edaconsultores.local/bootstrap/compiled.php(4996): Illuminate\Routing\Route->run(Object(Illuminate\Http\Request))
#8 /home/vagrant/projects/edaconsultores.local/bootstrap/compiled.php(4984): Illuminate\Routing\Router->dispatchToRoute(Object(Illuminate\Http\Request))
#9 /home/vagrant/projects/edaconsultores.local/bootstrap/compiled.php(717): Illuminate\Routing\Router->dispatch(Object(Illuminate\Http\Request))
#10 /home/vagrant/projects/edaconsultores.local/bootstrap/compiled.php(698): Illuminate\Foundation\Application->dispatch(Object(Illuminate\Http\Request))
#11 /home/vagrant/projects/edaconsultores.local/bootstrap/compiled.php(7706): Illuminate\Foundation\Application->handle(Object(Illuminate\Http\Request), 1, true)
#12 /home/vagrant/projects/edaconsultores.local/bootstrap/compiled.php(8309): Illuminate\Session\Middleware->handle(Object(Illuminate\Http\Request), 1, true)
#13 /home/vagrant/projects/edaconsultores.local/bootstrap/compiled.php(8256): Illuminate\Cookie\Queue->handle(Object(Illuminate\Http\Request), 1, true)
#14 /home/vagrant/projects/edaconsultores.local/bootstrap/compiled.php(10895): Illuminate\Cookie\Guard->handle(Object(Illuminate\Http\Request), 1, true)
#15 /home/vagrant/projects/edaconsultores.local/bootstrap/compiled.php(659): Stack\StackedHttpKernel->handle(Object(Illuminate\Http\Request))
#16 /home/vagrant/projects/edaconsultores.local/public/index.php(49): Illuminate\Foundation\Application->run()
#17 {main} [] []
[2014-09-05 01:40:02] local.ERROR: exception 'InvalidArgumentException' with message 'Route [nosotros] not defined.' in /home/vagrant/projects/edaconsultores.local/bootstrap/compiled.php:5927
Stack trace:
#0 /home/vagrant/projects/edaconsultores.local/bootstrap/compiled.php(3227): Illuminate\Routing\UrlGenerator->route('nosotros')
#1 /home/vagrant/projects/edaconsultores.local/app/storage/views/426dd88957cfc1538bde849ff7c017e8(54): Illuminate\Support\Facades\Facade::__callStatic('route', Array)
#2 /home/vagrant/projects/edaconsultores.local/app/storage/views/426dd88957cfc1538bde849ff7c017e8(54): Illuminate\Support\Facades\URL::route('nosotros')
#3 /home/vagrant/projects/edaconsultores.local/bootstrap/compiled.php(9740): include('/home/vagrant/p...')
#4 /home/vagrant/projects/edaconsultores.local/vendor/laravel/framework/src/Illuminate/View/Engines/CompilerEngine.php(56): Illuminate\View\Engines\PhpEngine->evaluatePath('/home/vagrant/p...', Array)
#5 /home/vagrant/projects/edaconsultores.local/bootstrap/compiled.php(9619): Illuminate\View\Engines\CompilerEngine->get('/home/vagrant/p...', Array)
#6 /home/vagrant/projects/edaconsultores.local/bootstrap/compiled.php(9606): Illuminate\View\View->getContents()
#7 /home/vagrant/projects/edaconsultores.local/bootstrap/compiled.php(9597): Illuminate\View\View->renderContents()
#8 /home/vagrant/projects/edaconsultores.local/app/storage/views/100bbfa26cf9fd57909a46a9c63f0412(13): Illuminate\View\View->render()
#9 /home/vagrant/projects/edaconsultores.local/bootstrap/compiled.php(9740): include('/home/vagrant/p...')
#10 /home/vagrant/projects/edaconsultores.local/vendor/laravel/framework/src/Illuminate/View/Engines/CompilerEngine.php(56): Illuminate\View\Engines\PhpEngine->evaluatePath('/home/vagrant/p...', Array)
#11 /home/vagrant/projects/edaconsultores.local/bootstrap/compiled.php(9619): Illuminate\View\Engines\CompilerEngine->get('/home/vagrant/p...', Array)
#12 /home/vagrant/projects/edaconsultores.local/bootstrap/compiled.php(9606): Illuminate\View\View->getContents()
#13 /home/vagrant/projects/edaconsultores.local/bootstrap/compiled.php(9597): Illuminate\View\View->renderContents()
#14 /home/vagrant/projects/edaconsultores.local/bootstrap/compiled.php(10295): Illuminate\View\View->render()
#15 /home/vagrant/projects/edaconsultores.local/bootstrap/compiled.php(9826): Illuminate\Http\Response->setContent(Object(Illuminate\View\View))
#16 /home/vagrant/projects/edaconsultores.local/bootstrap/compiled.php(5190): Symfony\Component\HttpFoundation\Response->__construct(Object(Illuminate\View\View))
#17 /home/vagrant/projects/edaconsultores.local/bootstrap/compiled.php(4998): Illuminate\Routing\Router->prepareResponse(Object(Illuminate\Http\Request), Object(Illuminate\View\View))
#18 /home/vagrant/projects/edaconsultores.local/bootstrap/compiled.php(4984): Illuminate\Routing\Router->dispatchToRoute(Object(Illuminate\Http\Request))
#19 /home/vagrant/projects/edaconsultores.local/bootstrap/compiled.php(717): Illuminate\Routing\Router->dispatch(Object(Illuminate\Http\Request))
#20 /home/vagrant/projects/edaconsultores.local/bootstrap/compiled.php(698): Illuminate\Foundation\Application->dispatch(Object(Illuminate\Http\Request))
#21 /home/vagrant/projects/edaconsultores.local/bootstrap/compiled.php(7706): Illuminate\Foundation\Application->handle(Object(Illuminate\Http\Request), 1, true)
#22 /home/vagrant/projects/edaconsultores.local/bootstrap/compiled.php(8309): Illuminate\Session\Middleware->handle(Object(Illuminate\Http\Request), 1, true)
#23 /home/vagrant/projects/edaconsultores.local/bootstrap/compiled.php(8256): Illuminate\Cookie\Queue->handle(Object(Illuminate\Http\Request), 1, true)
#24 /home/vagrant/projects/edaconsultores.local/bootstrap/compiled.php(10895): Illuminate\Cookie\Guard->handle(Object(Illuminate\Http\Request), 1, true)
#25 /home/vagrant/projects/edaconsultores.local/bootstrap/compiled.php(659): Stack\StackedHttpKernel->handle(Object(Illuminate\Http\Request))
#26 /home/vagrant/projects/edaconsultores.local/public/index.php(49): Illuminate\Foundation\Application->run()
#27 {main}

Next exception 'ErrorException' with message 'Route [nosotros] not defined. (View: /home/vagrant/projects/edaconsultores.local/app/views/layouts/master.blade.php)' in /home/vagrant/projects/edaconsultores.local/bootstrap/compiled.php:5927
Stack trace:
#0 /home/vagrant/projects/edaconsultores.local/bootstrap/compiled.php(9742): Illuminate\View\Engines\CompilerEngine->handleViewException(Object(InvalidArgumentException))
#1 /home/vagrant/projects/edaconsultores.local/vendor/laravel/framework/src/Illuminate/View/Engines/CompilerEngine.php(56): Illuminate\View\Engines\PhpEngine->evaluatePath('/home/vagrant/p...', Array)
#2 /home/vagrant/projects/edaconsultores.local/bootstrap/compiled.php(9619): Illuminate\View\Engines\CompilerEngine->get('/home/vagrant/p...', Array)
#3 /home/vagrant/projects/edaconsultores.local/bootstrap/compiled.php(9606): Illuminate\View\View->getContents()
#4 /home/vagrant/projects/edaconsultores.local/bootstrap/compiled.php(9597): Illuminate\View\View->renderContents()
#5 /home/vagrant/projects/edaconsultores.local/app/storage/views/100bbfa26cf9fd57909a46a9c63f0412(13): Illuminate\View\View->render()
#6 /home/vagrant/projects/edaconsultores.local/bootstrap/compiled.php(9740): include('/home/vagrant/p...')
#7 /home/vagrant/projects/edaconsultores.local/vendor/laravel/framework/src/Illuminate/View/Engines/CompilerEngine.php(56): Illuminate\View\Engines\PhpEngine->evaluatePath('/home/vagrant/p...', Array)
#8 /home/vagrant/projects/edaconsultores.local/bootstrap/compiled.php(9619): Illuminate\View\Engines\CompilerEngine->get('/home/vagrant/p...', Array)
#9 /home/vagrant/projects/edaconsultores.local/bootstrap/compiled.php(9606): Illuminate\View\View->getContents()
#10 /home/vagrant/projects/edaconsultores.local/bootstrap/compiled.php(9597): Illuminate\View\View->renderContents()
#11 /home/vagrant/projects/edaconsultores.local/bootstrap/compiled.php(10295): Illuminate\View\View->render()
#12 /home/vagrant/projects/edaconsultores.local/bootstrap/compiled.php(9826): Illuminate\Http\Response->setContent(Object(Illuminate\View\View))
#13 /home/vagrant/projects/edaconsultores.local/bootstrap/compiled.php(5190): Symfony\Component\HttpFoundation\Response->__construct(Object(Illuminate\View\View))
#14 /home/vagrant/projects/edaconsultores.local/bootstrap/compiled.php(4998): Illuminate\Routing\Router->prepareResponse(Object(Illuminate\Http\Request), Object(Illuminate\View\View))
#15 /home/vagrant/projects/edaconsultores.local/bootstrap/compiled.php(4984): Illuminate\Routing\Router->dispatchToRoute(Object(Illuminate\Http\Request))
#16 /home/vagrant/projects/edaconsultores.local/bootstrap/compiled.php(717): Illuminate\Routing\Router->dispatch(Object(Illuminate\Http\Request))
#17 /home/vagrant/projects/edaconsultores.local/bootstrap/compiled.php(698): Illuminate\Foundation\Application->dispatch(Object(Illuminate\Http\Request))
#18 /home/vagrant/projects/edaconsultores.local/bootstrap/compiled.php(7706): Illuminate\Foundation\Application->handle(Object(Illuminate\Http\Request), 1, true)
#19 /home/vagrant/projects/edaconsultores.local/bootstrap/compiled.php(8309): Illuminate\Session\Middleware->handle(Object(Illuminate\Http\Request), 1, true)
#20 /home/vagrant/projects/edaconsultores.local/bootstrap/compiled.php(8256): Illuminate\Cookie\Queue->handle(Object(Illuminate\Http\Request), 1, true)
#21 /home/vagrant/projects/edaconsultores.local/bootstrap/compiled.php(10895): Illuminate\Cookie\Guard->handle(Object(Illuminate\Http\Request), 1, true)
#22 /home/vagrant/projects/edaconsultores.local/bootstrap/compiled.php(659): Stack\StackedHttpKernel->handle(Object(Illuminate\Http\Request))
#23 /home/vagrant/projects/edaconsultores.local/public/index.php(49): Illuminate\Foundation\Application->run()
#24 {main}

Next exception 'ErrorException' with message 'Route [nosotros] not defined. (View: /home/vagrant/projects/edaconsultores.local/app/views/layouts/master.blade.php) (View: /home/vagrant/projects/edaconsultores.local/app/views/layouts/master.blade.php)' in /home/vagrant/projects/edaconsultores.local/bootstrap/compiled.php:5927
Stack trace:
#0 /home/vagrant/projects/edaconsultores.local/bootstrap/compiled.php(9742): Illuminate\View\Engines\CompilerEngine->handleViewException(Object(ErrorException))
#1 /home/vagrant/projects/edaconsultores.local/vendor/laravel/framework/src/Illuminate/View/Engines/CompilerEngine.php(56): Illuminate\View\Engines\PhpEngine->evaluatePath('/home/vagrant/p...', Array)
#2 /home/vagrant/projects/edaconsultores.local/bootstrap/compiled.php(9619): Illuminate\View\Engines\CompilerEngine->get('/home/vagrant/p...', Array)
#3 /home/vagrant/projects/edaconsultores.local/bootstrap/compiled.php(9606): Illuminate\View\View->getContents()
#4 /home/vagrant/projects/edaconsultores.local/bootstrap/compiled.php(9597): Illuminate\View\View->renderContents()
#5 /home/vagrant/projects/edaconsultores.local/bootstrap/compiled.php(10295): Illuminate\View\View->render()
#6 /home/vagrant/projects/edaconsultores.local/bootstrap/compiled.php(9826): Illuminate\Http\Response->setContent(Object(Illuminate\View\View))
#7 /home/vagrant/projects/edaconsultores.local/bootstrap/compiled.php(5190): Symfony\Component\HttpFoundation\Response->__construct(Object(Illuminate\View\View))
#8 /home/vagrant/projects/edaconsultores.local/bootstrap/compiled.php(4998): Illuminate\Routing\Router->prepareResponse(Object(Illuminate\Http\Request), Object(Illuminate\View\View))
#9 /home/vagrant/projects/edaconsultores.local/bootstrap/compiled.php(4984): Illuminate\Routing\Router->dispatchToRoute(Object(Illuminate\Http\Request))
#10 /home/vagrant/projects/edaconsultores.local/bootstrap/compiled.php(717): Illuminate\Routing\Router->dispatch(Object(Illuminate\Http\Request))
#11 /home/vagrant/projects/edaconsultores.local/bootstrap/compiled.php(698): Illuminate\Foundation\Application->dispatch(Object(Illuminate\Http\Request))
#12 /home/vagrant/projects/edaconsultores.local/bootstrap/compiled.php(7706): Illuminate\Foundation\Application->handle(Object(Illuminate\Http\Request), 1, true)
#13 /home/vagrant/projects/edaconsultores.local/bootstrap/compiled.php(8309): Illuminate\Session\Middleware->handle(Object(Illuminate\Http\Request), 1, true)
#14 /home/vagrant/projects/edaconsultores.local/bootstrap/compiled.php(8256): Illuminate\Cookie\Queue->handle(Object(Illuminate\Http\Request), 1, true)
#15 /home/vagrant/projects/edaconsultores.local/bootstrap/compiled.php(10895): Illuminate\Cookie\Guard->handle(Object(Illuminate\Http\Request), 1, true)
#16 /home/vagrant/projects/edaconsultores.local/bootstrap/compiled.php(659): Stack\StackedHttpKernel->handle(Object(Illuminate\Http\Request))
#17 /home/vagrant/projects/edaconsultores.local/public/index.php(49): Illuminate\Foundation\Application->run()
#18 {main} [] []
[2014-09-05 01:48:46] local.ERROR: exception 'InvalidArgumentException' with message 'Route [/] not defined.' in /home/vagrant/projects/edaconsultores.local/bootstrap/compiled.php:5927
Stack trace:
#0 /home/vagrant/projects/edaconsultores.local/bootstrap/compiled.php(3227): Illuminate\Routing\UrlGenerator->route('/')
#1 /home/vagrant/projects/edaconsultores.local/app/storage/views/426dd88957cfc1538bde849ff7c017e8(54): Illuminate\Support\Facades\Facade::__callStatic('route', Array)
#2 /home/vagrant/projects/edaconsultores.local/app/storage/views/426dd88957cfc1538bde849ff7c017e8(54): Illuminate\Support\Facades\URL::route('/')
#3 /home/vagrant/projects/edaconsultores.local/bootstrap/compiled.php(9740): include('/home/vagrant/p...')
#4 /home/vagrant/projects/edaconsultores.local/vendor/laravel/framework/src/Illuminate/View/Engines/CompilerEngine.php(56): Illuminate\View\Engines\PhpEngine->evaluatePath('/home/vagrant/p...', Array)
#5 /home/vagrant/projects/edaconsultores.local/bootstrap/compiled.php(9619): Illuminate\View\Engines\CompilerEngine->get('/home/vagrant/p...', Array)
#6 /home/vagrant/projects/edaconsultores.local/bootstrap/compiled.php(9606): Illuminate\View\View->getContents()
#7 /home/vagrant/projects/edaconsultores.local/bootstrap/compiled.php(9597): Illuminate\View\View->renderContents()
#8 /home/vagrant/projects/edaconsultores.local/app/storage/views/100bbfa26cf9fd57909a46a9c63f0412(13): Illuminate\View\View->render()
#9 /home/vagrant/projects/edaconsultores.local/bootstrap/compiled.php(9740): include('/home/vagrant/p...')
#10 /home/vagrant/projects/edaconsultores.local/vendor/laravel/framework/src/Illuminate/View/Engines/CompilerEngine.php(56): Illuminate\View\Engines\PhpEngine->evaluatePath('/home/vagrant/p...', Array)
#11 /home/vagrant/projects/edaconsultores.local/bootstrap/compiled.php(9619): Illuminate\View\Engines\CompilerEngine->get('/home/vagrant/p...', Array)
#12 /home/vagrant/projects/edaconsultores.local/bootstrap/compiled.php(9606): Illuminate\View\View->getContents()
#13 /home/vagrant/projects/edaconsultores.local/bootstrap/compiled.php(9597): Illuminate\View\View->renderContents()
#14 /home/vagrant/projects/edaconsultores.local/bootstrap/compiled.php(10295): Illuminate\View\View->render()
#15 /home/vagrant/projects/edaconsultores.local/bootstrap/compiled.php(9826): Illuminate\Http\Response->setContent(Object(Illuminate\View\View))
#16 /home/vagrant/projects/edaconsultores.local/bootstrap/compiled.php(5190): Symfony\Component\HttpFoundation\Response->__construct(Object(Illuminate\View\View))
#17 /home/vagrant/projects/edaconsultores.local/bootstrap/compiled.php(4998): Illuminate\Routing\Router->prepareResponse(Object(Illuminate\Http\Request), Object(Illuminate\View\View))
#18 /home/vagrant/projects/edaconsultores.local/bootstrap/compiled.php(4984): Illuminate\Routing\Router->dispatchToRoute(Object(Illuminate\Http\Request))
#19 /home/vagrant/projects/edaconsultores.local/bootstrap/compiled.php(717): Illuminate\Routing\Router->dispatch(Object(Illuminate\Http\Request))
#20 /home/vagrant/projects/edaconsultores.local/bootstrap/compiled.php(698): Illuminate\Foundation\Application->dispatch(Object(Illuminate\Http\Request))
#21 /home/vagrant/projects/edaconsultores.local/bootstrap/compiled.php(7706): Illuminate\Foundation\Application->handle(Object(Illuminate\Http\Request), 1, true)
#22 /home/vagrant/projects/edaconsultores.local/bootstrap/compiled.php(8309): Illuminate\Session\Middleware->handle(Object(Illuminate\Http\Request), 1, true)
#23 /home/vagrant/projects/edaconsultores.local/bootstrap/compiled.php(8256): Illuminate\Cookie\Queue->handle(Object(Illuminate\Http\Request), 1, true)
#24 /home/vagrant/projects/edaconsultores.local/bootstrap/compiled.php(10895): Illuminate\Cookie\Guard->handle(Object(Illuminate\Http\Request), 1, true)
#25 /home/vagrant/projects/edaconsultores.local/bootstrap/compiled.php(659): Stack\StackedHttpKernel->handle(Object(Illuminate\Http\Request))
#26 /home/vagrant/projects/edaconsultores.local/public/index.php(49): Illuminate\Foundation\Application->run()
#27 {main}

Next exception 'ErrorException' with message 'Route [/] not defined. (View: /home/vagrant/projects/edaconsultores.local/app/views/layouts/master.blade.php)' in /home/vagrant/projects/edaconsultores.local/bootstrap/compiled.php:5927
Stack trace:
#0 /home/vagrant/projects/edaconsultores.local/bootstrap/compiled.php(9742): Illuminate\View\Engines\CompilerEngine->handleViewException(Object(InvalidArgumentException))
#1 /home/vagrant/projects/edaconsultores.local/vendor/laravel/framework/src/Illuminate/View/Engines/CompilerEngine.php(56): Illuminate\View\Engines\PhpEngine->evaluatePath('/home/vagrant/p...', Array)
#2 /home/vagrant/projects/edaconsultores.local/bootstrap/compiled.php(9619): Illuminate\View\Engines\CompilerEngine->get('/home/vagrant/p...', Array)
#3 /home/vagrant/projects/edaconsultores.local/bootstrap/compiled.php(9606): Illuminate\View\View->getContents()
#4 /home/vagrant/projects/edaconsultores.local/bootstrap/compiled.php(9597): Illuminate\View\View->renderContents()
#5 /home/vagrant/projects/edaconsultores.local/app/storage/views/100bbfa26cf9fd57909a46a9c63f0412(13): Illuminate\View\View->render()
#6 /home/vagrant/projects/edaconsultores.local/bootstrap/compiled.php(9740): include('/home/vagrant/p...')
#7 /home/vagrant/projects/edaconsultores.local/vendor/laravel/framework/src/Illuminate/View/Engines/CompilerEngine.php(56): Illuminate\View\Engines\PhpEngine->evaluatePath('/home/vagrant/p...', Array)
#8 /home/vagrant/projects/edaconsultores.local/bootstrap/compiled.php(9619): Illuminate\View\Engines\CompilerEngine->get('/home/vagrant/p...', Array)
#9 /home/vagrant/projects/edaconsultores.local/bootstrap/compiled.php(9606): Illuminate\View\View->getContents()
#10 /home/vagrant/projects/edaconsultores.local/bootstrap/compiled.php(9597): Illuminate\View\View->renderContents()
#11 /home/vagrant/projects/edaconsultores.local/bootstrap/compiled.php(10295): Illuminate\View\View->render()
#12 /home/vagrant/projects/edaconsultores.local/bootstrap/compiled.php(9826): Illuminate\Http\Response->setContent(Object(Illuminate\View\View))
#13 /home/vagrant/projects/edaconsultores.local/bootstrap/compiled.php(5190): Symfony\Component\HttpFoundation\Response->__construct(Object(Illuminate\View\View))
#14 /home/vagrant/projects/edaconsultores.local/bootstrap/compiled.php(4998): Illuminate\Routing\Router->prepareResponse(Object(Illuminate\Http\Request), Object(Illuminate\View\View))
#15 /home/vagrant/projects/edaconsultores.local/bootstrap/compiled.php(4984): Illuminate\Routing\Router->dispatchToRoute(Object(Illuminate\Http\Request))
#16 /home/vagrant/projects/edaconsultores.local/bootstrap/compiled.php(717): Illuminate\Routing\Router->dispatch(Object(Illuminate\Http\Request))
#17 /home/vagrant/projects/edaconsultores.local/bootstrap/compiled.php(698): Illuminate\Foundation\Application->dispatch(Object(Illuminate\Http\Request))
#18 /home/vagrant/projects/edaconsultores.local/bootstrap/compiled.php(7706): Illuminate\Foundation\Application->handle(Object(Illuminate\Http\Request), 1, true)
#19 /home/vagrant/projects/edaconsultores.local/bootstrap/compiled.php(8309): Illuminate\Session\Middleware->handle(Object(Illuminate\Http\Request), 1, true)
#20 /home/vagrant/projects/edaconsultores.local/bootstrap/compiled.php(8256): Illuminate\Cookie\Queue->handle(Object(Illuminate\Http\Request), 1, true)
#21 /home/vagrant/projects/edaconsultores.local/bootstrap/compiled.php(10895): Illuminate\Cookie\Guard->handle(Object(Illuminate\Http\Request), 1, true)
#22 /home/vagrant/projects/edaconsultores.local/bootstrap/compiled.php(659): Stack\StackedHttpKernel->handle(Object(Illuminate\Http\Request))
#23 /home/vagrant/projects/edaconsultores.local/public/index.php(49): Illuminate\Foundation\Application->run()
#24 {main}

Next exception 'ErrorException' with message 'Route [/] not defined. (View: /home/vagrant/projects/edaconsultores.local/app/views/layouts/master.blade.php) (View: /home/vagrant/projects/edaconsultores.local/app/views/layouts/master.blade.php)' in /home/vagrant/projects/edaconsultores.local/bootstrap/compiled.php:5927
Stack trace:
#0 /home/vagrant/projects/edaconsultores.local/bootstrap/compiled.php(9742): Illuminate\View\Engines\CompilerEngine->handleViewException(Object(ErrorException))
#1 /home/vagrant/projects/edaconsultores.local/vendor/laravel/framework/src/Illuminate/View/Engines/CompilerEngine.php(56): Illuminate\View\Engines\PhpEngine->evaluatePath('/home/vagrant/p...', Array)
#2 /home/vagrant/projects/edaconsultores.local/bootstrap/compiled.php(9619): Illuminate\View\Engines\CompilerEngine->get('/home/vagrant/p...', Array)
#3 /home/vagrant/projects/edaconsultores.local/bootstrap/compiled.php(9606): Illuminate\View\View->getContents()
#4 /home/vagrant/projects/edaconsultores.local/bootstrap/compiled.php(9597): Illuminate\View\View->renderContents()
#5 /home/vagrant/projects/edaconsultores.local/bootstrap/compiled.php(10295): Illuminate\View\View->render()
#6 /home/vagrant/projects/edaconsultores.local/bootstrap/compiled.php(9826): Illuminate\Http\Response->setContent(Object(Illuminate\View\View))
#7 /home/vagrant/projects/edaconsultores.local/bootstrap/compiled.php(5190): Symfony\Component\HttpFoundation\Response->__construct(Object(Illuminate\View\View))
#8 /home/vagrant/projects/edaconsultores.local/bootstrap/compiled.php(4998): Illuminate\Routing\Router->prepareResponse(Object(Illuminate\Http\Request), Object(Illuminate\View\View))
#9 /home/vagrant/projects/edaconsultores.local/bootstrap/compiled.php(4984): Illuminate\Routing\Router->dispatchToRoute(Object(Illuminate\Http\Request))
#10 /home/vagrant/projects/edaconsultores.local/bootstrap/compiled.php(717): Illuminate\Routing\Router->dispatch(Object(Illuminate\Http\Request))
#11 /home/vagrant/projects/edaconsultores.local/bootstrap/compiled.php(698): Illuminate\Foundation\Application->dispatch(Object(Illuminate\Http\Request))
#12 /home/vagrant/projects/edaconsultores.local/bootstrap/compiled.php(7706): Illuminate\Foundation\Application->handle(Object(Illuminate\Http\Request), 1, true)
#13 /home/vagrant/projects/edaconsultores.local/bootstrap/compiled.php(8309): Illuminate\Session\Middleware->handle(Object(Illuminate\Http\Request), 1, true)
#14 /home/vagrant/projects/edaconsultores.local/bootstrap/compiled.php(8256): Illuminate\Cookie\Queue->handle(Object(Illuminate\Http\Request), 1, true)
#15 /home/vagrant/projects/edaconsultores.local/bootstrap/compiled.php(10895): Illuminate\Cookie\Guard->handle(Object(Illuminate\Http\Request), 1, true)
#16 /home/vagrant/projects/edaconsultores.local/bootstrap/compiled.php(659): Stack\StackedHttpKernel->handle(Object(Illuminate\Http\Request))
#17 /home/vagrant/projects/edaconsultores.local/public/index.php(49): Illuminate\Foundation\Application->run()
#18 {main} [] []
[2014-09-05 01:49:35] local.ERROR: exception 'InvalidArgumentException' with message 'Route [../] not defined.' in /home/vagrant/projects/edaconsultores.local/bootstrap/compiled.php:5927
Stack trace:
#0 /home/vagrant/projects/edaconsultores.local/bootstrap/compiled.php(3227): Illuminate\Routing\UrlGenerator->route('../')
#1 /home/vagrant/projects/edaconsultores.local/app/storage/views/426dd88957cfc1538bde849ff7c017e8(54): Illuminate\Support\Facades\Facade::__callStatic('route', Array)
#2 /home/vagrant/projects/edaconsultores.local/app/storage/views/426dd88957cfc1538bde849ff7c017e8(54): Illuminate\Support\Facades\URL::route('../')
#3 /home/vagrant/projects/edaconsultores.local/bootstrap/compiled.php(9740): include('/home/vagrant/p...')
#4 /home/vagrant/projects/edaconsultores.local/vendor/laravel/framework/src/Illuminate/View/Engines/CompilerEngine.php(56): Illuminate\View\Engines\PhpEngine->evaluatePath('/home/vagrant/p...', Array)
#5 /home/vagrant/projects/edaconsultores.local/bootstrap/compiled.php(9619): Illuminate\View\Engines\CompilerEngine->get('/home/vagrant/p...', Array)
#6 /home/vagrant/projects/edaconsultores.local/bootstrap/compiled.php(9606): Illuminate\View\View->getContents()
#7 /home/vagrant/projects/edaconsultores.local/bootstrap/compiled.php(9597): Illuminate\View\View->renderContents()
#8 /home/vagrant/projects/edaconsultores.local/app/storage/views/100bbfa26cf9fd57909a46a9c63f0412(13): Illuminate\View\View->render()
#9 /home/vagrant/projects/edaconsultores.local/bootstrap/compiled.php(9740): include('/home/vagrant/p...')
#10 /home/vagrant/projects/edaconsultores.local/vendor/laravel/framework/src/Illuminate/View/Engines/CompilerEngine.php(56): Illuminate\View\Engines\PhpEngine->evaluatePath('/home/vagrant/p...', Array)
#11 /home/vagrant/projects/edaconsultores.local/bootstrap/compiled.php(9619): Illuminate\View\Engines\CompilerEngine->get('/home/vagrant/p...', Array)
#12 /home/vagrant/projects/edaconsultores.local/bootstrap/compiled.php(9606): Illuminate\View\View->getContents()
#13 /home/vagrant/projects/edaconsultores.local/bootstrap/compiled.php(9597): Illuminate\View\View->renderContents()
#14 /home/vagrant/projects/edaconsultores.local/bootstrap/compiled.php(10295): Illuminate\View\View->render()
#15 /home/vagrant/projects/edaconsultores.local/bootstrap/compiled.php(9826): Illuminate\Http\Response->setContent(Object(Illuminate\View\View))
#16 /home/vagrant/projects/edaconsultores.local/bootstrap/compiled.php(5190): Symfony\Component\HttpFoundation\Response->__construct(Object(Illuminate\View\View))
#17 /home/vagrant/projects/edaconsultores.local/bootstrap/compiled.php(4998): Illuminate\Routing\Router->prepareResponse(Object(Illuminate\Http\Request), Object(Illuminate\View\View))
#18 /home/vagrant/projects/edaconsultores.local/bootstrap/compiled.php(4984): Illuminate\Routing\Router->dispatchToRoute(Object(Illuminate\Http\Request))
#19 /home/vagrant/projects/edaconsultores.local/bootstrap/compiled.php(717): Illuminate\Routing\Router->dispatch(Object(Illuminate\Http\Request))
#20 /home/vagrant/projects/edaconsultores.local/bootstrap/compiled.php(698): Illuminate\Foundation\Application->dispatch(Object(Illuminate\Http\Request))
#21 /home/vagrant/projects/edaconsultores.local/bootstrap/compiled.php(7706): Illuminate\Foundation\Application->handle(Object(Illuminate\Http\Request), 1, true)
#22 /home/vagrant/projects/edaconsultores.local/bootstrap/compiled.php(8309): Illuminate\Session\Middleware->handle(Object(Illuminate\Http\Request), 1, true)
#23 /home/vagrant/projects/edaconsultores.local/bootstrap/compiled.php(8256): Illuminate\Cookie\Queue->handle(Object(Illuminate\Http\Request), 1, true)
#24 /home/vagrant/projects/edaconsultores.local/bootstrap/compiled.php(10895): Illuminate\Cookie\Guard->handle(Object(Illuminate\Http\Request), 1, true)
#25 /home/vagrant/projects/edaconsultores.local/bootstrap/compiled.php(659): Stack\StackedHttpKernel->handle(Object(Illuminate\Http\Request))
#26 /home/vagrant/projects/edaconsultores.local/public/index.php(49): Illuminate\Foundation\Application->run()
#27 {main}

Next exception 'ErrorException' with message 'Route [../] not defined. (View: /home/vagrant/projects/edaconsultores.local/app/views/layouts/master.blade.php)' in /home/vagrant/projects/edaconsultores.local/bootstrap/compiled.php:5927
Stack trace:
#0 /home/vagrant/projects/edaconsultores.local/bootstrap/compiled.php(9742): Illuminate\View\Engines\CompilerEngine->handleViewException(Object(InvalidArgumentException))
#1 /home/vagrant/projects/edaconsultores.local/vendor/laravel/framework/src/Illuminate/View/Engines/CompilerEngine.php(56): Illuminate\View\Engines\PhpEngine->evaluatePath('/home/vagrant/p...', Array)
#2 /home/vagrant/projects/edaconsultores.local/bootstrap/compiled.php(9619): Illuminate\View\Engines\CompilerEngine->get('/home/vagrant/p...', Array)
#3 /home/vagrant/projects/edaconsultores.local/bootstrap/compiled.php(9606): Illuminate\View\View->getContents()
#4 /home/vagrant/projects/edaconsultores.local/bootstrap/compiled.php(9597): Illuminate\View\View->renderContents()
#5 /home/vagrant/projects/edaconsultores.local/app/storage/views/100bbfa26cf9fd57909a46a9c63f0412(13): Illuminate\View\View->render()
#6 /home/vagrant/projects/edaconsultores.local/bootstrap/compiled.php(9740): include('/home/vagrant/p...')
#7 /home/vagrant/projects/edaconsultores.local/vendor/laravel/framework/src/Illuminate/View/Engines/CompilerEngine.php(56): Illuminate\View\Engines\PhpEngine->evaluatePath('/home/vagrant/p...', Array)
#8 /home/vagrant/projects/edaconsultores.local/bootstrap/compiled.php(9619): Illuminate\View\Engines\CompilerEngine->get('/home/vagrant/p...', Array)
#9 /home/vagrant/projects/edaconsultores.local/bootstrap/compiled.php(9606): Illuminate\View\View->getContents()
#10 /home/vagrant/projects/edaconsultores.local/bootstrap/compiled.php(9597): Illuminate\View\View->renderContents()
#11 /home/vagrant/projects/edaconsultores.local/bootstrap/compiled.php(10295): Illuminate\View\View->render()
#12 /home/vagrant/projects/edaconsultores.local/bootstrap/compiled.php(9826): Illuminate\Http\Response->setContent(Object(Illuminate\View\View))
#13 /home/vagrant/projects/edaconsultores.local/bootstrap/compiled.php(5190): Symfony\Component\HttpFoundation\Response->__construct(Object(Illuminate\View\View))
#14 /home/vagrant/projects/edaconsultores.local/bootstrap/compiled.php(4998): Illuminate\Routing\Router->prepareResponse(Object(Illuminate\Http\Request), Object(Illuminate\View\View))
#15 /home/vagrant/projects/edaconsultores.local/bootstrap/compiled.php(4984): Illuminate\Routing\Router->dispatchToRoute(Object(Illuminate\Http\Request))
#16 /home/vagrant/projects/edaconsultores.local/bootstrap/compiled.php(717): Illuminate\Routing\Router->dispatch(Object(Illuminate\Http\Request))
#17 /home/vagrant/projects/edaconsultores.local/bootstrap/compiled.php(698): Illuminate\Foundation\Application->dispatch(Object(Illuminate\Http\Request))
#18 /home/vagrant/projects/edaconsultores.local/bootstrap/compiled.php(7706): Illuminate\Foundation\Application->handle(Object(Illuminate\Http\Request), 1, true)
#19 /home/vagrant/projects/edaconsultores.local/bootstrap/compiled.php(8309): Illuminate\Session\Middleware->handle(Object(Illuminate\Http\Request), 1, true)
#20 /home/vagrant/projects/edaconsultores.local/bootstrap/compiled.php(8256): Illuminate\Cookie\Queue->handle(Object(Illuminate\Http\Request), 1, true)
#21 /home/vagrant/projects/edaconsultores.local/bootstrap/compiled.php(10895): Illuminate\Cookie\Guard->handle(Object(Illuminate\Http\Request), 1, true)
#22 /home/vagrant/projects/edaconsultores.local/bootstrap/compiled.php(659): Stack\StackedHttpKernel->handle(Object(Illuminate\Http\Request))
#23 /home/vagrant/projects/edaconsultores.local/public/index.php(49): Illuminate\Foundation\Application->run()
#24 {main}

Next exception 'ErrorException' with message 'Route [../] not defined. (View: /home/vagrant/projects/edaconsultores.local/app/views/layouts/master.blade.php) (View: /home/vagrant/projects/edaconsultores.local/app/views/layouts/master.blade.php)' in /home/vagrant/projects/edaconsultores.local/bootstrap/compiled.php:5927
Stack trace:
#0 /home/vagrant/projects/edaconsultores.local/bootstrap/compiled.php(9742): Illuminate\View\Engines\CompilerEngine->handleViewException(Object(ErrorException))
#1 /home/vagrant/projects/edaconsultores.local/vendor/laravel/framework/src/Illuminate/View/Engines/CompilerEngine.php(56): Illuminate\View\Engines\PhpEngine->evaluatePath('/home/vagrant/p...', Array)
#2 /home/vagrant/projects/edaconsultores.local/bootstrap/compiled.php(9619): Illuminate\View\Engines\CompilerEngine->get('/home/vagrant/p...', Array)
#3 /home/vagrant/projects/edaconsultores.local/bootstrap/compiled.php(9606): Illuminate\View\View->getContents()
#4 /home/vagrant/projects/edaconsultores.local/bootstrap/compiled.php(9597): Illuminate\View\View->renderContents()
#5 /home/vagrant/projects/edaconsultores.local/bootstrap/compiled.php(10295): Illuminate\View\View->render()
#6 /home/vagrant/projects/edaconsultores.local/bootstrap/compiled.php(9826): Illuminate\Http\Response->setContent(Object(Illuminate\View\View))
#7 /home/vagrant/projects/edaconsultores.local/bootstrap/compiled.php(5190): Symfony\Component\HttpFoundation\Response->__construct(Object(Illuminate\View\View))
#8 /home/vagrant/projects/edaconsultores.local/bootstrap/compiled.php(4998): Illuminate\Routing\Router->prepareResponse(Object(Illuminate\Http\Request), Object(Illuminate\View\View))
#9 /home/vagrant/projects/edaconsultores.local/bootstrap/compiled.php(4984): Illuminate\Routing\Router->dispatchToRoute(Object(Illuminate\Http\Request))
#10 /home/vagrant/projects/edaconsultores.local/bootstrap/compiled.php(717): Illuminate\Routing\Router->dispatch(Object(Illuminate\Http\Request))
#11 /home/vagrant/projects/edaconsultores.local/bootstrap/compiled.php(698): Illuminate\Foundation\Application->dispatch(Object(Illuminate\Http\Request))
#12 /home/vagrant/projects/edaconsultores.local/bootstrap/compiled.php(7706): Illuminate\Foundation\Application->handle(Object(Illuminate\Http\Request), 1, true)
#13 /home/vagrant/projects/edaconsultores.local/bootstrap/compiled.php(8309): Illuminate\Session\Middleware->handle(Object(Illuminate\Http\Request), 1, true)
#14 /home/vagrant/projects/edaconsultores.local/bootstrap/compiled.php(8256): Illuminate\Cookie\Queue->handle(Object(Illuminate\Http\Request), 1, true)
#15 /home/vagrant/projects/edaconsultores.local/bootstrap/compiled.php(10895): Illuminate\Cookie\Guard->handle(Object(Illuminate\Http\Request), 1, true)
#16 /home/vagrant/projects/edaconsultores.local/bootstrap/compiled.php(659): Stack\StackedHttpKernel->handle(Object(Illuminate\Http\Request))
#17 /home/vagrant/projects/edaconsultores.local/public/index.php(49): Illuminate\Foundation\Application->run()
#18 {main} [] []
[2014-09-05 01:51:19] local.ERROR: exception 'InvalidArgumentException' with message 'Route [#] not defined.' in /home/vagrant/projects/edaconsultores.local/bootstrap/compiled.php:5927
Stack trace:
#0 /home/vagrant/projects/edaconsultores.local/bootstrap/compiled.php(3227): Illuminate\Routing\UrlGenerator->route('#')
#1 /home/vagrant/projects/edaconsultores.local/app/storage/views/426dd88957cfc1538bde849ff7c017e8(54): Illuminate\Support\Facades\Facade::__callStatic('route', Array)
#2 /home/vagrant/projects/edaconsultores.local/app/storage/views/426dd88957cfc1538bde849ff7c017e8(54): Illuminate\Support\Facades\URL::route('#')
#3 /home/vagrant/projects/edaconsultores.local/bootstrap/compiled.php(9740): include('/home/vagrant/p...')
#4 /home/vagrant/projects/edaconsultores.local/vendor/laravel/framework/src/Illuminate/View/Engines/CompilerEngine.php(56): Illuminate\View\Engines\PhpEngine->evaluatePath('/home/vagrant/p...', Array)
#5 /home/vagrant/projects/edaconsultores.local/bootstrap/compiled.php(9619): Illuminate\View\Engines\CompilerEngine->get('/home/vagrant/p...', Array)
#6 /home/vagrant/projects/edaconsultores.local/bootstrap/compiled.php(9606): Illuminate\View\View->getContents()
#7 /home/vagrant/projects/edaconsultores.local/bootstrap/compiled.php(9597): Illuminate\View\View->renderContents()
#8 /home/vagrant/projects/edaconsultores.local/app/storage/views/100bbfa26cf9fd57909a46a9c63f0412(13): Illuminate\View\View->render()
#9 /home/vagrant/projects/edaconsultores.local/bootstrap/compiled.php(9740): include('/home/vagrant/p...')
#10 /home/vagrant/projects/edaconsultores.local/vendor/laravel/framework/src/Illuminate/View/Engines/CompilerEngine.php(56): Illuminate\View\Engines\PhpEngine->evaluatePath('/home/vagrant/p...', Array)
#11 /home/vagrant/projects/edaconsultores.local/bootstrap/compiled.php(9619): Illuminate\View\Engines\CompilerEngine->get('/home/vagrant/p...', Array)
#12 /home/vagrant/projects/edaconsultores.local/bootstrap/compiled.php(9606): Illuminate\View\View->getContents()
#13 /home/vagrant/projects/edaconsultores.local/bootstrap/compiled.php(9597): Illuminate\View\View->renderContents()
#14 /home/vagrant/projects/edaconsultores.local/bootstrap/compiled.php(10295): Illuminate\View\View->render()
#15 /home/vagrant/projects/edaconsultores.local/bootstrap/compiled.php(9826): Illuminate\Http\Response->setContent(Object(Illuminate\View\View))
#16 /home/vagrant/projects/edaconsultores.local/bootstrap/compiled.php(5190): Symfony\Component\HttpFoundation\Response->__construct(Object(Illuminate\View\View))
#17 /home/vagrant/projects/edaconsultores.local/bootstrap/compiled.php(4998): Illuminate\Routing\Router->prepareResponse(Object(Illuminate\Http\Request), Object(Illuminate\View\View))
#18 /home/vagrant/projects/edaconsultores.local/bootstrap/compiled.php(4984): Illuminate\Routing\Router->dispatchToRoute(Object(Illuminate\Http\Request))
#19 /home/vagrant/projects/edaconsultores.local/bootstrap/compiled.php(717): Illuminate\Routing\Router->dispatch(Object(Illuminate\Http\Request))
#20 /home/vagrant/projects/edaconsultores.local/bootstrap/compiled.php(698): Illuminate\Foundation\Application->dispatch(Object(Illuminate\Http\Request))
#21 /home/vagrant/projects/edaconsultores.local/bootstrap/compiled.php(7706): Illuminate\Foundation\Application->handle(Object(Illuminate\Http\Request), 1, true)
#22 /home/vagrant/projects/edaconsultores.local/bootstrap/compiled.php(8309): Illuminate\Session\Middleware->handle(Object(Illuminate\Http\Request), 1, true)
#23 /home/vagrant/projects/edaconsultores.local/bootstrap/compiled.php(8256): Illuminate\Cookie\Queue->handle(Object(Illuminate\Http\Request), 1, true)
#24 /home/vagrant/projects/edaconsultores.local/bootstrap/compiled.php(10895): Illuminate\Cookie\Guard->handle(Object(Illuminate\Http\Request), 1, true)
#25 /home/vagrant/projects/edaconsultores.local/bootstrap/compiled.php(659): Stack\StackedHttpKernel->handle(Object(Illuminate\Http\Request))
#26 /home/vagrant/projects/edaconsultores.local/public/index.php(49): Illuminate\Foundation\Application->run()
#27 {main}

Next exception 'ErrorException' with message 'Route [#] not defined. (View: /home/vagrant/projects/edaconsultores.local/app/views/layouts/master.blade.php)' in /home/vagrant/projects/edaconsultores.local/bootstrap/compiled.php:5927
Stack trace:
#0 /home/vagrant/projects/edaconsultores.local/bootstrap/compiled.php(9742): Illuminate\View\Engines\CompilerEngine->handleViewException(Object(InvalidArgumentException))
#1 /home/vagrant/projects/edaconsultores.local/vendor/laravel/framework/src/Illuminate/View/Engines/CompilerEngine.php(56): Illuminate\View\Engines\PhpEngine->evaluatePath('/home/vagrant/p...', Array)
#2 /home/vagrant/projects/edaconsultores.local/bootstrap/compiled.php(9619): Illuminate\View\Engines\CompilerEngine->get('/home/vagrant/p...', Array)
#3 /home/vagrant/projects/edaconsultores.local/bootstrap/compiled.php(9606): Illuminate\View\View->getContents()
#4 /home/vagrant/projects/edaconsultores.local/bootstrap/compiled.php(9597): Illuminate\View\View->renderContents()
#5 /home/vagrant/projects/edaconsultores.local/app/storage/views/100bbfa26cf9fd57909a46a9c63f0412(13): Illuminate\View\View->render()
#6 /home/vagrant/projects/edaconsultores.local/bootstrap/compiled.php(9740): include('/home/vagrant/p...')
#7 /home/vagrant/projects/edaconsultores.local/vendor/laravel/framework/src/Illuminate/View/Engines/CompilerEngine.php(56): Illuminate\View\Engines\PhpEngine->evaluatePath('/home/vagrant/p...', Array)
#8 /home/vagrant/projects/edaconsultores.local/bootstrap/compiled.php(9619): Illuminate\View\Engines\CompilerEngine->get('/home/vagrant/p...', Array)
#9 /home/vagrant/projects/edaconsultores.local/bootstrap/compiled.php(9606): Illuminate\View\View->getContents()
#10 /home/vagrant/projects/edaconsultores.local/bootstrap/compiled.php(9597): Illuminate\View\View->renderContents()
#11 /home/vagrant/projects/edaconsultores.local/bootstrap/compiled.php(10295): Illuminate\View\View->render()
#12 /home/vagrant/projects/edaconsultores.local/bootstrap/compiled.php(9826): Illuminate\Http\Response->setContent(Object(Illuminate\View\View))
#13 /home/vagrant/projects/edaconsultores.local/bootstrap/compiled.php(5190): Symfony\Component\HttpFoundation\Response->__construct(Object(Illuminate\View\View))
#14 /home/vagrant/projects/edaconsultores.local/bootstrap/compiled.php(4998): Illuminate\Routing\Router->prepareResponse(Object(Illuminate\Http\Request), Object(Illuminate\View\View))
#15 /home/vagrant/projects/edaconsultores.local/bootstrap/compiled.php(4984): Illuminate\Routing\Router->dispatchToRoute(Object(Illuminate\Http\Request))
#16 /home/vagrant/projects/edaconsultores.local/bootstrap/compiled.php(717): Illuminate\Routing\Router->dispatch(Object(Illuminate\Http\Request))
#17 /home/vagrant/projects/edaconsultores.local/bootstrap/compiled.php(698): Illuminate\Foundation\Application->dispatch(Object(Illuminate\Http\Request))
#18 /home/vagrant/projects/edaconsultores.local/bootstrap/compiled.php(7706): Illuminate\Foundation\Application->handle(Object(Illuminate\Http\Request), 1, true)
#19 /home/vagrant/projects/edaconsultores.local/bootstrap/compiled.php(8309): Illuminate\Session\Middleware->handle(Object(Illuminate\Http\Request), 1, true)
#20 /home/vagrant/projects/edaconsultores.local/bootstrap/compiled.php(8256): Illuminate\Cookie\Queue->handle(Object(Illuminate\Http\Request), 1, true)
#21 /home/vagrant/projects/edaconsultores.local/bootstrap/compiled.php(10895): Illuminate\Cookie\Guard->handle(Object(Illuminate\Http\Request), 1, true)
#22 /home/vagrant/projects/edaconsultores.local/bootstrap/compiled.php(659): Stack\StackedHttpKernel->handle(Object(Illuminate\Http\Request))
#23 /home/vagrant/projects/edaconsultores.local/public/index.php(49): Illuminate\Foundation\Application->run()
#24 {main}

Next exception 'ErrorException' with message 'Route [#] not defined. (View: /home/vagrant/projects/edaconsultores.local/app/views/layouts/master.blade.php) (View: /home/vagrant/projects/edaconsultores.local/app/views/layouts/master.blade.php)' in /home/vagrant/projects/edaconsultores.local/bootstrap/compiled.php:5927
Stack trace:
#0 /home/vagrant/projects/edaconsultores.local/bootstrap/compiled.php(9742): Illuminate\View\Engines\CompilerEngine->handleViewException(Object(ErrorException))
#1 /home/vagrant/projects/edaconsultores.local/vendor/laravel/framework/src/Illuminate/View/Engines/CompilerEngine.php(56): Illuminate\View\Engines\PhpEngine->evaluatePath('/home/vagrant/p...', Array)
#2 /home/vagrant/projects/edaconsultores.local/bootstrap/compiled.php(9619): Illuminate\View\Engines\CompilerEngine->get('/home/vagrant/p...', Array)
#3 /home/vagrant/projects/edaconsultores.local/bootstrap/compiled.php(9606): Illuminate\View\View->getContents()
#4 /home/vagrant/projects/edaconsultores.local/bootstrap/compiled.php(9597): Illuminate\View\View->renderContents()
#5 /home/vagrant/projects/edaconsultores.local/bootstrap/compiled.php(10295): Illuminate\View\View->render()
#6 /home/vagrant/projects/edaconsultores.local/bootstrap/compiled.php(9826): Illuminate\Http\Response->setContent(Object(Illuminate\View\View))
#7 /home/vagrant/projects/edaconsultores.local/bootstrap/compiled.php(5190): Symfony\Component\HttpFoundation\Response->__construct(Object(Illuminate\View\View))
#8 /home/vagrant/projects/edaconsultores.local/bootstrap/compiled.php(4998): Illuminate\Routing\Router->prepareResponse(Object(Illuminate\Http\Request), Object(Illuminate\View\View))
#9 /home/vagrant/projects/edaconsultores.local/bootstrap/compiled.php(4984): Illuminate\Routing\Router->dispatchToRoute(Object(Illuminate\Http\Request))
#10 /home/vagrant/projects/edaconsultores.local/bootstrap/compiled.php(717): Illuminate\Routing\Router->dispatch(Object(Illuminate\Http\Request))
#11 /home/vagrant/projects/edaconsultores.local/bootstrap/compiled.php(698): Illuminate\Foundation\Application->dispatch(Object(Illuminate\Http\Request))
#12 /home/vagrant/projects/edaconsultores.local/bootstrap/compiled.php(7706): Illuminate\Foundation\Application->handle(Object(Illuminate\Http\Request), 1, true)
#13 /home/vagrant/projects/edaconsultores.local/bootstrap/compiled.php(8309): Illuminate\Session\Middleware->handle(Object(Illuminate\Http\Request), 1, true)
#14 /home/vagrant/projects/edaconsultores.local/bootstrap/compiled.php(8256): Illuminate\Cookie\Queue->handle(Object(Illuminate\Http\Request), 1, true)
#15 /home/vagrant/projects/edaconsultores.local/bootstrap/compiled.php(10895): Illuminate\Cookie\Guard->handle(Object(Illuminate\Http\Request), 1, true)
#16 /home/vagrant/projects/edaconsultores.local/bootstrap/compiled.php(659): Stack\StackedHttpKernel->handle(Object(Illuminate\Http\Request))
#17 /home/vagrant/projects/edaconsultores.local/public/index.php(49): Illuminate\Foundation\Application->run()
#18 {main} [] []
[2014-09-05 01:54:56] local.ERROR: exception 'Symfony\Component\HttpKernel\Exception\NotFoundHttpException' in /home/vagrant/projects/edaconsultores.local/bootstrap/compiled.php:5687
Stack trace:
#0 /home/vagrant/projects/edaconsultores.local/bootstrap/compiled.php(5004): Illuminate\Routing\RouteCollection->match(Object(Illuminate\Http\Request))
#1 /home/vagrant/projects/edaconsultores.local/bootstrap/compiled.php(4992): Illuminate\Routing\Router->findRoute(Object(Illuminate\Http\Request))
#2 /home/vagrant/projects/edaconsultores.local/bootstrap/compiled.php(4984): Illuminate\Routing\Router->dispatchToRoute(Object(Illuminate\Http\Request))
#3 /home/vagrant/projects/edaconsultores.local/bootstrap/compiled.php(717): Illuminate\Routing\Router->dispatch(Object(Illuminate\Http\Request))
#4 /home/vagrant/projects/edaconsultores.local/bootstrap/compiled.php(698): Illuminate\Foundation\Application->dispatch(Object(Illuminate\Http\Request))
#5 /home/vagrant/projects/edaconsultores.local/bootstrap/compiled.php(7706): Illuminate\Foundation\Application->handle(Object(Illuminate\Http\Request), 1, true)
#6 /home/vagrant/projects/edaconsultores.local/bootstrap/compiled.php(8309): Illuminate\Session\Middleware->handle(Object(Illuminate\Http\Request), 1, true)
#7 /home/vagrant/projects/edaconsultores.local/bootstrap/compiled.php(8256): Illuminate\Cookie\Queue->handle(Object(Illuminate\Http\Request), 1, true)
#8 /home/vagrant/projects/edaconsultores.local/bootstrap/compiled.php(10895): Illuminate\Cookie\Guard->handle(Object(Illuminate\Http\Request), 1, true)
#9 /home/vagrant/projects/edaconsultores.local/bootstrap/compiled.php(659): Stack\StackedHttpKernel->handle(Object(Illuminate\Http\Request))
#10 /home/vagrant/projects/edaconsultores.local/public/index.php(49): Illuminate\Foundation\Application->run()
#11 {main} [] []
